

============================== 2022-12-06 12:05:05.075491 | 5641716d-8048-42f2-a7dc-5a83a663258b ==============================
[0m12:05:05.075502 [info ] [MainThread]: Running with dbt=1.3.1
[0m12:05:05.075709 [debug] [MainThread]: running dbt with arguments {'write_json': True, 'use_colors': True, 'printer_width': 80, 'version_check': True, 'partial_parse': True, 'static_parser': True, 'profiles_dir': '/Users/patraden/.dbt', 'send_anonymous_usage_stats': True, 'event_buffer_size': 100000, 'quiet': False, 'no_print': False, 'project_name': 'jaffle_shop', 'skip_profile_setup': False, 'which': 'init', 'indirect_selection': 'eager'}
[0m12:05:05.075768 [debug] [MainThread]: Tracking: tracking
[0m12:05:05.084071 [debug] [MainThread]: Sending event: {'category': 'dbt', 'action': 'invocation', 'label': 'start', 'context': [<snowplow_tracker.self_describing_json.SelfDescribingJson object at 0x107ac47f0>, <snowplow_tracker.self_describing_json.SelfDescribingJson object at 0x107ac4850>, <snowplow_tracker.self_describing_json.SelfDescribingJson object at 0x107ac4970>]}
[0m12:05:05.084516 [info ] [MainThread]: Creating dbt configuration folder at /Users/patraden/.dbt
[0m12:05:05.085174 [debug] [MainThread]: Starter project path: /Users/patraden/PycharmProjects/homework/venv/lib/python3.8/site-packages/dbt/include/starter_project
[0m12:05:09.903768 [info ] [MainThread]: Profile jaffle_shop written to /Users/patraden/.dbt/profiles.yml using target's sample configuration. Once updated, you'll be able to start developing with dbt.
[0m12:05:09.904030 [info ] [MainThread]: 
Your new dbt project "jaffle_shop" was created!

For more information on how to configure the profiles.yml file,
please consult the dbt documentation here:

  https://docs.getdbt.com/docs/configure-your-profile

One more thing:

Need help? Don't hesitate to reach out to us via GitHub issues or on Slack:

  https://community.getdbt.com/

Happy modeling!

[0m12:05:09.904207 [debug] [MainThread]: Sending event: {'category': 'dbt', 'action': 'invocation', 'label': 'end', 'context': [<snowplow_tracker.self_describing_json.SelfDescribingJson object at 0x107ac49a0>, <snowplow_tracker.self_describing_json.SelfDescribingJson object at 0x107ac4c70>, <snowplow_tracker.self_describing_json.SelfDescribingJson object at 0x107ac4820>]}
[0m12:05:09.904394 [debug] [MainThread]: Flushing usage events


============================== 2022-12-06 12:17:09.177261 | a9c6a9b7-3281-4bdd-98c6-c97435b7408f ==============================
[0m12:17:09.177268 [info ] [MainThread]: Running with dbt=1.3.1
[0m12:17:09.177556 [debug] [MainThread]: running dbt with arguments {'write_json': True, 'use_colors': True, 'printer_width': 80, 'version_check': True, 'partial_parse': True, 'static_parser': True, 'profiles_dir': '/Users/patraden/.dbt', 'send_anonymous_usage_stats': True, 'event_buffer_size': 100000, 'quiet': False, 'no_print': False, 'config_dir': False, 'which': 'debug', 'indirect_selection': 'eager'}
[0m12:17:09.177621 [debug] [MainThread]: Tracking: tracking
[0m12:17:09.182869 [debug] [MainThread]: Sending event: {'category': 'dbt', 'action': 'invocation', 'label': 'start', 'context': [<snowplow_tracker.self_describing_json.SelfDescribingJson object at 0x1089202e0>, <snowplow_tracker.self_describing_json.SelfDescribingJson object at 0x108920250>, <snowplow_tracker.self_describing_json.SelfDescribingJson object at 0x108920430>]}
[0m12:17:09.215528 [debug] [MainThread]: Executing "git --help"
[0m12:17:09.229744 [debug] [MainThread]: STDOUT: "b"usage: git [-v | --version] [-h | --help] [-C <path>] [-c <name>=<value>]\n           [--exec-path[=<path>]] [--html-path] [--man-path] [--info-path]\n           [-p | --paginate | -P | --no-pager] [--no-replace-objects] [--bare]\n           [--git-dir=<path>] [--work-tree=<path>] [--namespace=<name>]\n           [--super-prefix=<path>] [--config-env=<name>=<envvar>]\n           <command> [<args>]\n\nThese are common Git commands used in various situations:\n\nstart a working area (see also: git help tutorial)\n   clone     Clone a repository into a new directory\n   init      Create an empty Git repository or reinitialize an existing one\n\nwork on the current change (see also: git help everyday)\n   add       Add file contents to the index\n   mv        Move or rename a file, a directory, or a symlink\n   restore   Restore working tree files\n   rm        Remove files from the working tree and from the index\n\nexamine the history and state (see also: git help revisions)\n   bisect    Use binary search to find the commit that introduced a bug\n   diff      Show changes between commits, commit and working tree, etc\n   grep      Print lines matching a pattern\n   log       Show commit logs\n   show      Show various types of objects\n   status    Show the working tree status\n\ngrow, mark and tweak your common history\n   branch    List, create, or delete branches\n   commit    Record changes to the repository\n   merge     Join two or more development histories together\n   rebase    Reapply commits on top of another base tip\n   reset     Reset current HEAD to the specified state\n   switch    Switch branches\n   tag       Create, list, delete or verify a tag object signed with GPG\n\ncollaborate (see also: git help workflows)\n   fetch     Download objects and refs from another repository\n   pull      Fetch from and integrate with another repository or a local branch\n   push      Update remote refs along with associated objects\n\n'git help -a' and 'git help -g' list available subcommands and some\nconcept guides. See 'git help <command>' or 'git help <concept>'\nto read about a specific subcommand or concept.\nSee 'git help git' for an overview of the system.\n""
[0m12:17:09.230067 [debug] [MainThread]: STDERR: "b''"
[0m12:17:09.230527 [debug] [MainThread]: Sending event: {'category': 'dbt', 'action': 'invocation', 'label': 'end', 'context': [<snowplow_tracker.self_describing_json.SelfDescribingJson object at 0x104dd3b20>, <snowplow_tracker.self_describing_json.SelfDescribingJson object at 0x108bfaca0>, <snowplow_tracker.self_describing_json.SelfDescribingJson object at 0x108bfacd0>]}
[0m12:17:09.230774 [debug] [MainThread]: Flushing usage events


============================== 2022-12-06 12:17:29.256550 | ab2fee45-bf1d-4b5b-8584-31bb7c8373d6 ==============================
[0m12:17:29.256555 [info ] [MainThread]: Running with dbt=1.3.1
[0m12:17:29.256895 [debug] [MainThread]: running dbt with arguments {'write_json': True, 'use_colors': True, 'printer_width': 80, 'version_check': True, 'partial_parse': True, 'static_parser': True, 'profiles_dir': '/Users/patraden/.dbt', 'send_anonymous_usage_stats': True, 'event_buffer_size': 100000, 'quiet': False, 'no_print': False, 'config_dir': False, 'which': 'debug', 'indirect_selection': 'eager'}
[0m12:17:29.256959 [debug] [MainThread]: Tracking: tracking
[0m12:17:29.261207 [debug] [MainThread]: Sending event: {'category': 'dbt', 'action': 'invocation', 'label': 'start', 'context': [<snowplow_tracker.self_describing_json.SelfDescribingJson object at 0x1086702e0>, <snowplow_tracker.self_describing_json.SelfDescribingJson object at 0x108670730>, <snowplow_tracker.self_describing_json.SelfDescribingJson object at 0x108670790>]}
[0m12:17:29.294467 [debug] [MainThread]: Executing "git --help"
[0m12:17:29.302964 [debug] [MainThread]: STDOUT: "b"usage: git [-v | --version] [-h | --help] [-C <path>] [-c <name>=<value>]\n           [--exec-path[=<path>]] [--html-path] [--man-path] [--info-path]\n           [-p | --paginate | -P | --no-pager] [--no-replace-objects] [--bare]\n           [--git-dir=<path>] [--work-tree=<path>] [--namespace=<name>]\n           [--super-prefix=<path>] [--config-env=<name>=<envvar>]\n           <command> [<args>]\n\nThese are common Git commands used in various situations:\n\nstart a working area (see also: git help tutorial)\n   clone     Clone a repository into a new directory\n   init      Create an empty Git repository or reinitialize an existing one\n\nwork on the current change (see also: git help everyday)\n   add       Add file contents to the index\n   mv        Move or rename a file, a directory, or a symlink\n   restore   Restore working tree files\n   rm        Remove files from the working tree and from the index\n\nexamine the history and state (see also: git help revisions)\n   bisect    Use binary search to find the commit that introduced a bug\n   diff      Show changes between commits, commit and working tree, etc\n   grep      Print lines matching a pattern\n   log       Show commit logs\n   show      Show various types of objects\n   status    Show the working tree status\n\ngrow, mark and tweak your common history\n   branch    List, create, or delete branches\n   commit    Record changes to the repository\n   merge     Join two or more development histories together\n   rebase    Reapply commits on top of another base tip\n   reset     Reset current HEAD to the specified state\n   switch    Switch branches\n   tag       Create, list, delete or verify a tag object signed with GPG\n\ncollaborate (see also: git help workflows)\n   fetch     Download objects and refs from another repository\n   pull      Fetch from and integrate with another repository or a local branch\n   push      Update remote refs along with associated objects\n\n'git help -a' and 'git help -g' list available subcommands and some\nconcept guides. See 'git help <command>' or 'git help <concept>'\nto read about a specific subcommand or concept.\nSee 'git help git' for an overview of the system.\n""
[0m12:17:29.303256 [debug] [MainThread]: STDERR: "b''"
[0m12:17:29.306716 [debug] [MainThread]: Acquiring new postgres connection "debug"
[0m12:17:29.307137 [debug] [MainThread]: Using postgres connection "debug"
[0m12:17:29.307211 [debug] [MainThread]: On debug: select 1 as id
[0m12:17:29.307271 [debug] [MainThread]: Opening a new connection, currently in state init
[0m12:17:29.991535 [debug] [MainThread]: SQL status: SELECT 1 in 0.68 seconds
[0m12:17:29.999161 [debug] [MainThread]: On debug: Close
[0m12:17:30.000451 [debug] [MainThread]: Sending event: {'category': 'dbt', 'action': 'invocation', 'label': 'end', 'context': [<snowplow_tracker.self_describing_json.SelfDescribingJson object at 0x108953ee0>, <snowplow_tracker.self_describing_json.SelfDescribingJson object at 0x108953f40>, <snowplow_tracker.self_describing_json.SelfDescribingJson object at 0x108953b20>]}
[0m12:17:30.001113 [debug] [MainThread]: Flushing usage events
[0m12:17:30.555012 [debug] [MainThread]: Connection 'debug' was properly closed.
